0 info it worked if it ends with ok
1 verbose cli [ 'c:\\Program Files\\nodejs\\node.exe',
1 verbose cli   'c:\\Program Files\\nodejs\\node_modules\\npm\\bin\\npm-cli.js',
1 verbose cli   'install' ]
2 info using npm@1.3.17
3 info using node@v0.10.23
4 verbose readDependencies using package.json deps
5 verbose install where, deps [ 'c:\\xampp\\htdocs\\angular-seed-test',
5 verbose install   [ 'phantomjs',
5 verbose install     'karma',
5 verbose install     'karma-junit-reporter',
5 verbose install     'karma-jasmine',
5 verbose install     'protractor' ] ]
6 info preinstall angularjs-seed@
7 verbose readDependencies using package.json deps
8 verbose already installed skipping phantomjs@~1.9 c:\xampp\htdocs\angular-seed-test
9 verbose already installed skipping karma@~0.10 c:\xampp\htdocs\angular-seed-test
10 verbose already installed skipping karma-junit-reporter@~0.1 c:\xampp\htdocs\angular-seed-test
11 verbose already installed skipping karma-jasmine@~0.1 c:\xampp\htdocs\angular-seed-test
12 verbose already installed skipping protractor@~0.17.0 c:\xampp\htdocs\angular-seed-test
13 silly resolved []
14 info build c:\xampp\htdocs\angular-seed-test
15 verbose linkStuff [ false, false, false, 'c:\\xampp\\htdocs' ]
16 info linkStuff angularjs-seed@
17 verbose linkBins angularjs-seed@
18 verbose linkMans angularjs-seed@
19 verbose rebuildBundles angularjs-seed@
20 verbose rebuildBundles [ '.bin',
20 verbose rebuildBundles   'karma',
20 verbose rebuildBundles   'karma-chrome-launcher',
20 verbose rebuildBundles   'karma-coffee-preprocessor',
20 verbose rebuildBundles   'karma-firefox-launcher',
20 verbose rebuildBundles   'karma-html2js-preprocessor',
20 verbose rebuildBundles   'karma-jasmine',
20 verbose rebuildBundles   'karma-junit-reporter',
20 verbose rebuildBundles   'karma-phantomjs-launcher',
20 verbose rebuildBundles   'karma-requirejs',
20 verbose rebuildBundles   'karma-script-launcher',
20 verbose rebuildBundles   'phantomjs',
20 verbose rebuildBundles   'protractor',
20 verbose rebuildBundles   'requirejs' ]
21 verbose rebuild bundle c:\xampp\htdocs\angular-seed-test\node_modules\karma-chrome-launcher
22 info build c:\xampp\htdocs\angular-seed-test\node_modules\karma-chrome-launcher
23 info preinstall karma-chrome-launcher@0.1.2
24 verbose linkStuff [ false,
24 verbose linkStuff   false,
24 verbose linkStuff   false,
24 verbose linkStuff   'c:\\xampp\\htdocs\\angular-seed-test\\node_modules' ]
25 info linkStuff karma-chrome-launcher@0.1.2
26 verbose linkBins karma-chrome-launcher@0.1.2
27 verbose linkMans karma-chrome-launcher@0.1.2
28 verbose rebuildBundles karma-chrome-launcher@0.1.2
29 info install karma-chrome-launcher@0.1.2
30 info postinstall karma-chrome-launcher@0.1.2
31 verbose rebuild bundle c:\xampp\htdocs\angular-seed-test\node_modules\karma-coffee-preprocessor
32 info build c:\xampp\htdocs\angular-seed-test\node_modules\karma-coffee-preprocessor
33 info preinstall karma-coffee-preprocessor@0.1.3
34 verbose linkStuff [ false,
34 verbose linkStuff   false,
34 verbose linkStuff   false,
34 verbose linkStuff   'c:\\xampp\\htdocs\\angular-seed-test\\node_modules' ]
35 info linkStuff karma-coffee-preprocessor@0.1.3
36 verbose linkBins karma-coffee-preprocessor@0.1.3
37 verbose linkMans karma-coffee-preprocessor@0.1.3
38 verbose rebuildBundles karma-coffee-preprocessor@0.1.3
39 verbose rebuildBundles [ '.bin', 'coffee-script' ]
40 info install karma-coffee-preprocessor@0.1.3
41 info postinstall karma-coffee-preprocessor@0.1.3
42 verbose rebuild bundle c:\xampp\htdocs\angular-seed-test\node_modules\karma-firefox-launcher
43 info build c:\xampp\htdocs\angular-seed-test\node_modules\karma-firefox-launcher
44 info preinstall karma-firefox-launcher@0.1.3
45 verbose linkStuff [ false,
45 verbose linkStuff   false,
45 verbose linkStuff   false,
45 verbose linkStuff   'c:\\xampp\\htdocs\\angular-seed-test\\node_modules' ]
46 info linkStuff karma-firefox-launcher@0.1.3
47 verbose linkBins karma-firefox-launcher@0.1.3
48 verbose linkMans karma-firefox-launcher@0.1.3
49 verbose rebuildBundles karma-firefox-launcher@0.1.3
50 info install karma-firefox-launcher@0.1.3
51 info postinstall karma-firefox-launcher@0.1.3
52 verbose rebuild bundle c:\xampp\htdocs\angular-seed-test\node_modules\karma-html2js-preprocessor
53 info build c:\xampp\htdocs\angular-seed-test\node_modules\karma-html2js-preprocessor
54 info preinstall karma-html2js-preprocessor@0.1.0
55 verbose linkStuff [ false,
55 verbose linkStuff   false,
55 verbose linkStuff   false,
55 verbose linkStuff   'c:\\xampp\\htdocs\\angular-seed-test\\node_modules' ]
56 info linkStuff karma-html2js-preprocessor@0.1.0
57 verbose linkBins karma-html2js-preprocessor@0.1.0
58 verbose linkMans karma-html2js-preprocessor@0.1.0
59 verbose rebuildBundles karma-html2js-preprocessor@0.1.0
60 info install karma-html2js-preprocessor@0.1.0
61 info postinstall karma-html2js-preprocessor@0.1.0
62 verbose rebuild bundle c:\xampp\htdocs\angular-seed-test\node_modules\karma-phantomjs-launcher
63 info build c:\xampp\htdocs\angular-seed-test\node_modules\karma-phantomjs-launcher
64 info preinstall karma-phantomjs-launcher@0.1.2
65 verbose linkStuff [ false,
65 verbose linkStuff   false,
65 verbose linkStuff   false,
65 verbose linkStuff   'c:\\xampp\\htdocs\\angular-seed-test\\node_modules' ]
66 info linkStuff karma-phantomjs-launcher@0.1.2
67 verbose linkBins karma-phantomjs-launcher@0.1.2
68 verbose linkMans karma-phantomjs-launcher@0.1.2
69 verbose rebuildBundles karma-phantomjs-launcher@0.1.2
70 info install karma-phantomjs-launcher@0.1.2
71 info postinstall karma-phantomjs-launcher@0.1.2
72 verbose rebuild bundle c:\xampp\htdocs\angular-seed-test\node_modules\karma-requirejs
73 info build c:\xampp\htdocs\angular-seed-test\node_modules\karma-requirejs
74 info preinstall karma-requirejs@0.2.1
75 verbose linkStuff [ false,
75 verbose linkStuff   false,
75 verbose linkStuff   false,
75 verbose linkStuff   'c:\\xampp\\htdocs\\angular-seed-test\\node_modules' ]
76 info linkStuff karma-requirejs@0.2.1
77 verbose linkBins karma-requirejs@0.2.1
78 verbose linkMans karma-requirejs@0.2.1
79 verbose rebuildBundles karma-requirejs@0.2.1
80 info install karma-requirejs@0.2.1
81 info postinstall karma-requirejs@0.2.1
82 verbose rebuild bundle c:\xampp\htdocs\angular-seed-test\node_modules\karma-script-launcher
83 info build c:\xampp\htdocs\angular-seed-test\node_modules\karma-script-launcher
84 info preinstall karma-script-launcher@0.1.0
85 verbose linkStuff [ false,
85 verbose linkStuff   false,
85 verbose linkStuff   false,
85 verbose linkStuff   'c:\\xampp\\htdocs\\angular-seed-test\\node_modules' ]
86 info linkStuff karma-script-launcher@0.1.0
87 verbose linkBins karma-script-launcher@0.1.0
88 verbose linkMans karma-script-launcher@0.1.0
89 verbose rebuildBundles karma-script-launcher@0.1.0
90 info install karma-script-launcher@0.1.0
91 info postinstall karma-script-launcher@0.1.0
92 verbose rebuild bundle c:\xampp\htdocs\angular-seed-test\node_modules\requirejs
93 info build c:\xampp\htdocs\angular-seed-test\node_modules\requirejs
94 info preinstall requirejs@2.1.11
95 verbose linkStuff [ false,
95 verbose linkStuff   false,
95 verbose linkStuff   false,
95 verbose linkStuff   'c:\\xampp\\htdocs\\angular-seed-test\\node_modules' ]
96 info linkStuff requirejs@2.1.11
97 verbose linkBins requirejs@2.1.11
98 verbose link bins [ { 'r.js': './bin/r.js' },
98 verbose link bins   'c:\\xampp\\htdocs\\angular-seed-test\\node_modules\\.bin',
98 verbose link bins   false ]
99 verbose linkMans requirejs@2.1.11
100 verbose rebuildBundles requirejs@2.1.11
101 error Error: EPERM, open 'c:\xampp\htdocs\angular-seed-test\node_modules\.bin\r.js.cmd'
101 error  { [Error: EPERM, open 'c:\xampp\htdocs\angular-seed-test\node_modules\.bin\r.js.cmd']
101 error   errno: 50,
101 error   code: 'EPERM',
101 error   path: 'c:\\xampp\\htdocs\\angular-seed-test\\node_modules\\.bin\\r.js.cmd' }
102 error Please try running this command again as root/Administrator.
103 error System Windows_NT 6.1.7601
104 error command "c:\\Program Files\\nodejs\\node.exe" "c:\\Program Files\\nodejs\\node_modules\\npm\\bin\\npm-cli.js" "install"
105 error cwd c:\xampp\htdocs\angular-seed-test
106 error node -v v0.10.23
107 error npm -v 1.3.17
108 error path c:\xampp\htdocs\angular-seed-test\node_modules\.bin\r.js.cmd
109 error code EPERM
110 error errno 50
111 error stack Error: EPERM, open 'c:\xampp\htdocs\angular-seed-test\node_modules\.bin\r.js.cmd'
112 verbose exit [ 50, true ]
